2023-08-06 08:51:19.417561 - Initialized conversion of CBT982
2023-08-06 08:51:23.206457 - Received CBT.V505.FILE982.PDS from FILE982.XMI 
2023-08-06 08:51:23.209129 - Found $$$#DATE.txt (text/plain) in CBT.V505.FILE982.PDS, moved to PDS/$$$#DATE
2023-08-06 08:51:23.210089 - Found $$CPYRGT.txt (text/plain) in CBT.V505.FILE982.PDS, moved to PDS/$$CPYRGT
2023-08-06 08:51:23.211253 - Found $CONDITS.txt (text/plain) in CBT.V505.FILE982.PDS, moved to PDS/$CONDITS
2023-08-06 08:51:23.212364 - Found $RECEIVE.jcl (text/plain) in CBT.V505.FILE982.PDS, moved to PDS/$RECEIVE
2023-08-06 08:51:23.213323 - Found @FILE982.txt (text/plain) in CBT.V505.FILE982.PDS, moved to PDS/@FILE982
2023-08-06 08:51:26.220648 - Found ASM.xmi (application/xmit) in CBT.V505.FILE982.PDS
2023-08-06 08:51:26.550962   - Received to CBT982/JOL60.ASM
2023-08-06 08:51:29.946904 - Found CNTL.xmi (application/xmit) in CBT.V505.FILE982.PDS
2023-08-06 08:51:30.266756   - Received to CBT982/JOL60.CNTL
2023-08-06 08:51:30.427949 - Found CVCLKED.xmi (application/xmit) in CBT.V505.FILE982.PDS
2023-08-06 08:51:30.465900   - Received to CBT982/JOL60.CVCLKED
2023-08-06 08:51:30.524878 - Found INCLUDE.xmi (application/xmit) in CBT.V505.FILE982.PDS
2023-08-06 08:51:30.539341   - Received to CBT982/JOLCBT.INCLUDE
2023-08-06 08:51:30.630116 - Found INSTALL.xmi (application/xmit) in CBT.V505.FILE982.PDS
2023-08-06 08:51:30.649319   - Received to CBT982/JOL60.INSTALL
2023-08-06 08:51:30.649433 - Found JOLDOC.zip (application/zip), trying to unzip
2023-08-06 08:51:30.650072 - Found JOLDOC.zip (application/zip), extracting to CBT982/JOLDOC
2023-08-06 08:51:30.710394 - Found LINKLIST.xmi (application/xmit) in CBT.V505.FILE982.PDS
2023-08-06 08:51:30.715150   - Received to CBT982/JOL60.LINKLIST
2023-08-06 08:51:31.118246 - Found LOAD.xmi (application/xmit) in CBT.V505.FILE982.PDS
2023-08-06 08:51:31.176945   - Received RECFM=U data, stored XMIT file as CBT982/LOAD.xmi
2023-08-06 08:51:32.093616 - Found MACLIB.xmi (application/xmit) in CBT.V505.FILE982.PDS
2023-08-06 08:51:32.261168   - Received to CBT982/JOL60.MACLIB
2023-08-06 08:51:32.611780 - Found OBJ.xmi (application/xmit) in CBT.V505.FILE982.PDS
2023-08-06 08:51:32.768626   - Received to CBT982/JOL60.OBJ
2023-08-06 08:51:33.092977 - Found PTFS.xmi (application/xmit) in CBT.V505.FILE982.PDS
2023-08-06 08:51:33.164881   - Received to CBT982/JOL60.PTFS
2023-08-06 08:51:33.165989 - Found QUIKHELP.txt (text/plain) in CBT.V505.FILE982.PDS, moved to PDS/QUIKHELP
2023-08-06 08:51:33.201840 - Found SCHEDULE.xmi (application/xmit) in CBT.V505.FILE982.PDS
2023-08-06 08:51:33.212223   - Received to CBT982/JOL60.SCHEDULE
2023-08-06 08:51:33.581310 - Found SOURCE.xmi (application/xmit) in CBT.V505.FILE982.PDS
2023-08-06 08:51:33.630317   - Received to CBT982/JOL60.SOURCE
2023-08-06 08:51:33.637599 - Found USERCMDL.xmi (application/xmit) in CBT.V505.FILE982.PDS
2023-08-06 08:51:33.640747   - Received to CBT982/USER.CMDLIB
